GET - / - 9/2/2024, 19:50:16GET - /assets/css/bootstrap.min.css - 9/2/2024, 19:50:17GET - /assets/css/material-kit.css - 9/2/2024, 19:50:17GET - /js/login.js - 9/2/2024, 19:50:17GET - /assets/js/jquery.min.js - 9/2/2024, 19:50:17GET - /assets/js/bootstrap.min.js - 9/2/2024, 19:50:17GET - /assets/js/material.min.js - 9/2/2024, 19:50:17GET - /assets/js/nouislider.min.js - 9/2/2024, 19:50:17GET - /assets/js/bootstrap-datepicker.js - 9/2/2024, 19:50:17GET - /assets/js/material-kit.js - 9/2/2024, 19:50:17GET - /assets/img/city.jpg - 9/2/2024, 19:50:17GET - /assets/css/material-kit.css.map - 9/2/2024, 19:50:17GET - /assets/img/favicon.png - 9/2/2024, 19:50:18GET - / - 9/2/2024, 19:50:46GET - /js/login.js - 9/2/2024, 19:50:47GET - /assets/css/bootstrap.min.css - 9/2/2024, 19:50:47GET - /assets/css/material-kit.css - 9/2/2024, 19:50:47GET - /assets/js/jquery.min.js - 9/2/2024, 19:50:47GET - /assets/js/material.min.js - 9/2/2024, 19:50:47GET - /assets/js/bootstrap.min.js - 9/2/2024, 19:50:47GET - /assets/js/nouislider.min.js - 9/2/2024, 19:50:47GET - /assets/js/bootstrap-datepicker.js - 9/2/2024, 19:50:47GET - /assets/js/material-kit.js - 9/2/2024, 19:50:47GET - /assets/img/city.jpg - 9/2/2024, 19:50:47GET - /assets/css/material-kit.css.map - 9/2/2024, 19:50:47GET - /assets/img/favicon.png - 9/2/2024, 19:50:47GET - / - 9/2/2024, 19:52:41
GET - /assets/css/material-kit.css.map - 9/2/2024, 19:52:41
GET - /assets/css/bootstrap.min.css - 9/2/2024, 19:52:42
GET - /assets/css/material-kit.css - 9/2/2024, 19:52:42
GET - /js/login.js - 9/2/2024, 19:52:42
GET - /assets/js/jquery.min.js - 9/2/2024, 19:52:42
GET - /assets/js/material.min.js - 9/2/2024, 19:52:42
GET - /assets/js/bootstrap.min.js - 9/2/2024, 19:52:42
GET - /assets/js/nouislider.min.js - 9/2/2024, 19:52:42
GET - /assets/js/bootstrap-datepicker.js - 9/2/2024, 19:52:43
GET - /assets/js/material-kit.js - 9/2/2024, 19:52:43
GET - /assets/img/city.jpg - 9/2/2024, 19:52:43
GET - /assets/css/material-kit.css.map - 9/2/2024, 19:52:43
GET - /assets/img/favicon.png - 9/2/2024, 19:52:43
POST - /api/extend/users/login - 9/2/2024, 19:53:59
GET - /register - 9/2/2024, 19:54:17
GET - /assets/css/bootstrap.min.css - 9/2/2024, 19:54:17
GET - /assets/css/material-kit.css - 9/2/2024, 19:54:17
GET - /js/register.js - 9/2/2024, 19:54:17
GET - /assets/js/bootstrap.min.js - 9/2/2024, 19:54:17
GET - /assets/js/jquery.min.js - 9/2/2024, 19:54:17
GET - /assets/js/material.min.js - 9/2/2024, 19:54:17
GET - /assets/js/nouislider.min.js - 9/2/2024, 19:54:17
GET - /assets/js/bootstrap-datepicker.js - 9/2/2024, 19:54:17
GET - /assets/js/material-kit.js - 9/2/2024, 19:54:17
GET - /assets/img/city.jpg - 9/2/2024, 19:54:17
GET - /assets/css/material-kit.css.map - 9/2/2024, 19:54:17
POST - /api/sessions/register - 9/2/2024, 19:54:37
POST - /api/sessions/register - 9/2/2024, 20:31:08
GET - / - 9/2/2024, 20:31:09
GET - /assets/css/bootstrap.min.css - 9/2/2024, 20:31:09
GET - /assets/css/material-kit.css - 9/2/2024, 20:31:09
GET - /js/login.js - 9/2/2024, 20:31:09
GET - /assets/js/material.min.js - 9/2/2024, 20:31:09
GET - /assets/js/nouislider.min.js - 9/2/2024, 20:31:09
GET - /assets/js/jquery.min.js - 9/2/2024, 20:31:09
GET - /assets/js/bootstrap-datepicker.js - 9/2/2024, 20:31:10
GET - /assets/js/material-kit.js - 9/2/2024, 20:31:10
GET - /assets/js/bootstrap.min.js - 9/2/2024, 20:31:10
GET - /assets/img/city.jpg - 9/2/2024, 20:31:10
GET - /assets/css/material-kit.css.map - 9/2/2024, 20:31:10
POST - /api/extend/users/login - 9/2/2024, 20:32:19
GET - / - 9/2/2024, 20:34:55
GET - /assets/css/bootstrap.min.css - 9/2/2024, 20:34:55
GET - /assets/css/material-kit.css - 9/2/2024, 20:34:55
GET - /assets/js/bootstrap.min.js - 9/2/2024, 20:34:55
GET - /assets/js/material.min.js - 9/2/2024, 20:34:55
GET - /assets/js/jquery.min.js - 9/2/2024, 20:34:55
GET - /js/login.js - 9/2/2024, 20:34:55
GET - /assets/js/nouislider.min.js - 9/2/2024, 20:34:55
GET - /assets/js/bootstrap-datepicker.js - 9/2/2024, 20:34:55
GET - /assets/js/material-kit.js - 9/2/2024, 20:34:55
GET - /assets/img/city.jpg - 9/2/2024, 20:34:55
GET - /assets/css/material-kit.css.map - 9/2/2024, 20:34:55
GET - /assets/img/favicon.png - 9/2/2024, 20:34:56
POST - /api/extend/users/login - 9/2/2024, 20:35:04
GET - /products - 9/2/2024, 20:35:04
GET - /assets/css/bootstrap.min.css - 9/2/2024, 20:35:05
GET - /assets/css/material-kit.css - 9/2/2024, 20:35:05
GET - /assets/js/bootstrap.min.js - 9/2/2024, 20:35:05
GET - /assets/js/jquery.min.js - 9/2/2024, 20:35:05
GET - /assets/js/material.min.js - 9/2/2024, 20:35:05
GET - /assets/js/nouislider.min.js - 9/2/2024, 20:35:05
GET - /assets/js/bootstrap-datepicker.js - 9/2/2024, 20:35:05
GET - /assets/js/material-kit.js - 9/2/2024, 20:35:05
GET - /assets/css/material-kit.css.map - 9/2/2024, 20:35:05
GET - /profile - 9/2/2024, 20:42:41
GET - / - 10/2/2024, 19:23:16
GET - / - 10/2/2024, 19:23:28
GET - / - 10/2/2024, 19:25:50
GET - / - 10/2/2024, 19:30:13
GET - /assets/css/bootstrap.min.css - 10/2/2024, 19:30:13
GET - /assets/css/material-kit.css - 10/2/2024, 19:30:13
GET - /assets/js/jquery.min.js - 10/2/2024, 19:30:13
GET - /assets/js/bootstrap.min.js - 10/2/2024, 19:30:13
GET - /assets/js/material.min.js - 10/2/2024, 19:30:13
GET - /js/login.js - 10/2/2024, 19:30:13
GET - /assets/js/nouislider.min.js - 10/2/2024, 19:30:13
GET - /assets/js/bootstrap-datepicker.js - 10/2/2024, 19:30:14
GET - /assets/js/material-kit.js - 10/2/2024, 19:30:14
GET - /assets/img/city.jpg - 10/2/2024, 19:30:14
GET - /assets/img/favicon.png - 10/2/2024, 19:30:14
GET - /api/sessions/github - 10/2/2024, 19:30:36
GET - / - 10/2/2024, 19:34:06
GET - /assets/css/bootstrap.min.css - 10/2/2024, 19:34:07
GET - /assets/css/material-kit.css - 10/2/2024, 19:34:07
GET - /assets/js/material.min.js - 10/2/2024, 19:34:07
GET - /assets/js/bootstrap.min.js - 10/2/2024, 19:34:07
GET - /js/login.js - 10/2/2024, 19:34:07
GET - /assets/js/jquery.min.js - 10/2/2024, 19:34:07
GET - /assets/js/nouislider.min.js - 10/2/2024, 19:34:07
GET - /assets/js/bootstrap-datepicker.js - 10/2/2024, 19:34:07
GET - /assets/js/material-kit.js - 10/2/2024, 19:34:07
GET - /assets/img/city.jpg - 10/2/2024, 19:34:07
GET - /api/sessions/github - 10/2/2024, 19:34:10
GET - / - 10/2/2024, 19:39:40
GET - /assets/css/bootstrap.min.css - 10/2/2024, 19:39:40
GET - /assets/css/material-kit.css - 10/2/2024, 19:39:40
GET - /js/login.js - 10/2/2024, 19:39:40
GET - /assets/js/bootstrap.min.js - 10/2/2024, 19:39:40
GET - /assets/js/material.min.js - 10/2/2024, 19:39:40
GET - /assets/js/jquery.min.js - 10/2/2024, 19:39:40
GET - /assets/js/nouislider.min.js - 10/2/2024, 19:39:40
GET - /assets/js/bootstrap-datepicker.js - 10/2/2024, 19:39:40
GET - /assets/js/material-kit.js - 10/2/2024, 19:39:40
GET - /assets/img/city.jpg - 10/2/2024, 19:39:40
GET - /assets/img/favicon.png - 10/2/2024, 19:39:40
GET - /api/sessions/github - 10/2/2024, 19:39:42
GET - /api/sessions/githubcallback?code=3b34cdbed184ab63e639 - 12/2/2024, 9:39:57
GET - / - 12/2/2024, 9:40:18
GET - /assets/css/bootstrap.min.css - 12/2/2024, 9:40:19
GET - /assets/css/material-kit.css - 12/2/2024, 9:40:19
GET - /assets/js/material-kit.js - 12/2/2024, 9:40:19
GET - /assets/js/bootstrap-datepicker.js - 12/2/2024, 9:40:19
GET - /assets/js/nouislider.min.js - 12/2/2024, 9:40:19
GET - /js/login.js - 12/2/2024, 9:40:19
GET - /assets/js/jquery.min.js - 12/2/2024, 9:40:20
GET - /assets/js/material.min.js - 12/2/2024, 9:40:20
GET - /assets/js/bootstrap.min.js - 12/2/2024, 9:40:21
GET - /assets/img/city.jpg - 12/2/2024, 9:40:21
GET - /assets/img/favicon.png - 12/2/2024, 9:40:22
GET - / - 12/2/2024, 9:41:24
GET - /assets/css/bootstrap.min.css - 12/2/2024, 9:41:25
GET - /assets/css/material-kit.css - 12/2/2024, 9:41:25
GET - /js/login.js - 12/2/2024, 9:41:25
GET - /assets/js/jquery.min.js - 12/2/2024, 9:41:25
GET - /assets/js/bootstrap.min.js - 12/2/2024, 9:41:25
GET - /assets/js/material.min.js - 12/2/2024, 9:41:25
GET - /assets/js/nouislider.min.js - 12/2/2024, 9:41:25
GET - /assets/js/bootstrap-datepicker.js - 12/2/2024, 9:41:25
GET - /assets/js/material-kit.js - 12/2/2024, 9:41:25
GET - /assets/img/city.jpg - 12/2/2024, 9:41:25
GET - /assets/img/favicon.png - 12/2/2024, 9:41:26
POST - /api/extend/users/login - 12/2/2024, 9:42:23
GET - /products - 12/2/2024, 9:42:25
GET - /assets/css/bootstrap.min.css - 12/2/2024, 9:42:25
GET - /assets/css/material-kit.css - 12/2/2024, 9:42:25
GET - /assets/js/jquery.min.js - 12/2/2024, 9:42:25
GET - /assets/js/material.min.js - 12/2/2024, 9:42:25
GET - /assets/js/bootstrap.min.js - 12/2/2024, 9:42:25
GET - /assets/js/nouislider.min.js - 12/2/2024, 9:42:25
GET - /assets/js/bootstrap-datepicker.js - 12/2/2024, 9:42:26
GET - /assets/js/material-kit.js - 12/2/2024, 9:42:26
GET - /profile - 12/2/2024, 9:42:30
GET - /assets/css/bootstrap.min.css - 12/2/2024, 9:42:31
GET - /assets/js/jquery.min.js - 12/2/2024, 9:42:31
GET - /assets/js/bootstrap.min.js - 12/2/2024, 9:42:31
GET - /assets/css/material-kit.css - 12/2/2024, 9:42:31
GET - /assets/js/material.min.js - 12/2/2024, 9:42:31
GET - /assets/js/nouislider.min.js - 12/2/2024, 9:42:31
GET - /assets/js/bootstrap-datepicker.js - 12/2/2024, 9:42:31
GET - /assets/js/material-kit.js - 12/2/2024, 9:42:31
GET - /assets/img/city.jpg - 12/2/2024, 9:42:31
GET - /products - 12/2/2024, 9:42:33
GET - /products/?first_name=test+test&email=test%40test&age=57 - 12/2/2024, 9:42:33
GET - /assets/css/material-kit.css - 12/2/2024, 9:42:34
GET - /assets/css/bootstrap.min.css - 12/2/2024, 9:42:34
GET - /assets/js/jquery.min.js - 12/2/2024, 9:42:34
GET - /assets/js/material.min.js - 12/2/2024, 9:42:34
GET - /assets/js/bootstrap.min.js - 12/2/2024, 9:42:34
GET - /assets/js/nouislider.min.js - 12/2/2024, 9:42:34
GET - /assets/js/bootstrap-datepicker.js - 12/2/2024, 9:42:34
GET - /assets/js/material-kit.js - 12/2/2024, 9:42:34
GET - /logout - 12/2/2024, 9:42:36
GET - / - 12/2/2024, 9:42:36
GET - /assets/css/bootstrap.min.css - 12/2/2024, 9:42:37
GET - /assets/css/material-kit.css - 12/2/2024, 9:42:37
GET - /js/login.js - 12/2/2024, 9:42:37
GET - /assets/js/jquery.min.js - 12/2/2024, 9:42:37
GET - /assets/js/bootstrap.min.js - 12/2/2024, 9:42:37
GET - /assets/js/material.min.js - 12/2/2024, 9:42:37
GET - /assets/js/nouislider.min.js - 12/2/2024, 9:42:38
GET - /assets/js/bootstrap-datepicker.js - 12/2/2024, 9:42:38
GET - /assets/js/material-kit.js - 12/2/2024, 9:42:38
GET - /assets/img/city.jpg - 12/2/2024, 9:42:38
POST - /api/extend/users/login - 12/2/2024, 9:43:02
POST - /api/extend/users/login - 12/2/2024, 10:11:46
GET - / - 12/2/2024, 10:17:45
GET - /assets/css/bootstrap.min.css - 12/2/2024, 10:17:46
GET - /assets/css/material-kit.css - 12/2/2024, 10:17:46
GET - /js/login.js - 12/2/2024, 10:17:46
GET - /assets/js/jquery.min.js - 12/2/2024, 10:17:46
GET - /assets/js/bootstrap.min.js - 12/2/2024, 10:17:46
GET - /assets/js/material.min.js - 12/2/2024, 10:17:46
GET - /assets/js/nouislider.min.js - 12/2/2024, 10:17:47
GET - /assets/js/bootstrap-datepicker.js - 12/2/2024, 10:17:47
GET - /assets/js/material-kit.js - 12/2/2024, 10:17:47
GET - /assets/img/city.jpg - 12/2/2024, 10:17:47
GET - /assets/img/favicon.png - 12/2/2024, 10:17:48
POST - /api/extend/users/login - 12/2/2024, 10:18:00
POST - /api/extend/users/login - 12/2/2024, 10:25:20
GET - / - 12/2/2024, 10:25:30
GET - /assets/css/bootstrap.min.css - 12/2/2024, 10:25:30
GET - /assets/js/bootstrap.min.js - 12/2/2024, 10:25:30
GET - /assets/js/jquery.min.js - 12/2/2024, 10:25:30
GET - /assets/css/material-kit.css - 12/2/2024, 10:25:30
GET - /js/login.js - 12/2/2024, 10:25:30
GET - /assets/js/material.min.js - 12/2/2024, 10:25:31
GET - /assets/js/nouislider.min.js - 12/2/2024, 10:25:32
GET - /assets/js/bootstrap-datepicker.js - 12/2/2024, 10:25:32
GET - /assets/js/material-kit.js - 12/2/2024, 10:25:33
GET - /assets/img/city.jpg - 12/2/2024, 10:25:35
GET - /assets/img/favicon.png - 12/2/2024, 10:25:37
POST - /api/extend/users/login - 12/2/2024, 10:25:44
POST - /api/extend/users/login - 12/2/2024, 10:29:24
POST - /api/extend/users/login - 12/2/2024, 10:35:52
GET - /products - 12/2/2024, 10:35:52
GET - /assets/css/material-kit.css - 12/2/2024, 10:35:53
GET - /assets/css/bootstrap.min.css - 12/2/2024, 10:35:53
GET - /assets/js/material.min.js - 12/2/2024, 10:35:53
GET - /assets/js/bootstrap.min.js - 12/2/2024, 10:35:53
GET - /assets/js/jquery.min.js - 12/2/2024, 10:35:53
GET - /assets/js/nouislider.min.js - 12/2/2024, 10:35:53
GET - /assets/js/bootstrap-datepicker.js - 12/2/2024, 10:35:54
GET - /assets/js/material-kit.js - 12/2/2024, 10:35:54
GET - /logout - 12/2/2024, 10:36:00
GET - / - 12/2/2024, 10:36:01
GET - /assets/css/bootstrap.min.css - 12/2/2024, 10:36:02
GET - /assets/css/material-kit.css - 12/2/2024, 10:36:02
GET - /js/login.js - 12/2/2024, 10:36:02
GET - /assets/js/material.min.js - 12/2/2024, 10:36:02
GET - /assets/js/bootstrap.min.js - 12/2/2024, 10:36:02
GET - /assets/js/jquery.min.js - 12/2/2024, 10:36:02
GET - /assets/js/nouislider.min.js - 12/2/2024, 10:36:02
GET - /assets/js/bootstrap-datepicker.js - 12/2/2024, 10:36:02
GET - /assets/js/material-kit.js - 12/2/2024, 10:36:02
GET - /assets/img/city.jpg - 12/2/2024, 10:36:02
POST - /api/extend/users/login - 12/2/2024, 10:36:11
POST - /api/extend/users/login - 12/2/2024, 10:36:19
POST - /api/extend/users/login - 12/2/2024, 10:41:38
POST - /api/extend/users/login - 12/2/2024, 10:43:52
GET - / - 12/2/2024, 10:43:55
GET - /assets/css/bootstrap.min.css - 12/2/2024, 10:43:56
GET - /assets/css/material-kit.css - 12/2/2024, 10:43:56
GET - /js/login.js - 12/2/2024, 10:43:56
GET - /assets/js/jquery.min.js - 12/2/2024, 10:43:56
GET - /assets/js/material.min.js - 12/2/2024, 10:43:56
GET - /assets/js/bootstrap.min.js - 12/2/2024, 10:43:56
GET - /assets/js/nouislider.min.js - 12/2/2024, 10:43:57
GET - /assets/js/bootstrap-datepicker.js - 12/2/2024, 10:43:57
GET - /assets/js/material-kit.js - 12/2/2024, 10:43:57
GET - /assets/img/city.jpg - 12/2/2024, 10:43:57
GET - /assets/img/favicon.png - 12/2/2024, 10:43:58
POST - /api/extend/users/login - 12/2/2024, 10:44:06
POST - /api/extend/users/login - 12/2/2024, 10:44:50
POST - /api/extend/users/login - 12/2/2024, 10:46:53
POST - /api/extend/users/login - 12/2/2024, 10:47:39
POST - /api/extend/users/login - 12/2/2024, 10:47:52
POST - /api/extend/users/login - 12/2/2024, 10:47:56
GET - /products - 12/2/2024, 10:47:59
GET - /products - 12/2/2024, 10:48:04
GET - /assets/css/bootstrap.min.css - 12/2/2024, 10:48:07
GET - /assets/css/material-kit.css - 12/2/2024, 10:48:07
GET - /assets/js/jquery.min.js - 12/2/2024, 10:48:07
GET - /assets/js/material.min.js - 12/2/2024, 10:48:07
GET - /assets/js/bootstrap.min.js - 12/2/2024, 10:48:07
GET - /assets/js/nouislider.min.js - 12/2/2024, 10:48:07
GET - /assets/js/bootstrap-datepicker.js - 12/2/2024, 10:48:11
GET - /assets/js/material-kit.js - 12/2/2024, 10:48:11
GET - /logout - 12/2/2024, 10:48:27
GET - / - 12/2/2024, 10:48:30
GET - /assets/css/material-kit.css - 12/2/2024, 10:48:40
GET - /js/login.js - 12/2/2024, 10:48:40
GET - /assets/css/bootstrap.min.css - 12/2/2024, 10:48:40
GET - /assets/js/jquery.min.js - 12/2/2024, 10:48:40
GET - /assets/js/material.min.js - 12/2/2024, 10:48:40
GET - /assets/js/bootstrap.min.js - 12/2/2024, 10:48:40
GET - /assets/js/nouislider.min.js - 12/2/2024, 10:48:43
GET - /assets/js/bootstrap-datepicker.js - 12/2/2024, 10:48:45
GET - /assets/js/material-kit.js - 12/2/2024, 10:48:45
GET - /assets/img/city.jpg - 12/2/2024, 10:49:25
